<?xml version="1.0" encoding="UTF-8"?>
<robot generator="Robot 5.0 (Python 3.10.4 on win32)" generated="20220411 16:31:40.614" rpa="false" schemaversion="3">
<suite id="s1" name="KabumTeste" source="c:\Users\olive\Desktop\Robot_Framework\robot\web\tests\KabumTeste.robot">
<kw name="Open Session" type="SETUP">
<kw name="Open Browser" library="SeleniumLibrary">
<arg>about:blank</arg>
<arg>chrome</arg>
<doc>Opens a new browser instance to the optional ``url``.</doc>
<msg timestamp="20220411 16:31:41.097" level="INFO">Opening browser 'chrome' to base url 'about:blank'.</msg>
<status status="PASS" starttime="20220411 16:31:41.096" endtime="20220411 16:31:42.266"/>
</kw>
<status status="PASS" starttime="20220411 16:31:41.094" endtime="20220411 16:31:42.267"/>
</kw>
<test id="s1-t1" name="Invalid Password" line="57">
<kw name="Login">
<arg>TesteInválido</arg>
<arg>123456ab</arg>
<kw name="Set Selenium Speed" library="SeleniumLibrary">
<arg>0.3</arg>
<doc>Sets the delay that is waited after each Selenium command.</doc>
<status status="PASS" starttime="20220411 16:31:42.272" endtime="20220411 16:31:42.273"/>
</kw>
<kw name="Go To" library="SeleniumLibrary">
<arg>https://www.kabum.com.br/login</arg>
<doc>Navigates the current browser window to the provided ``url``.</doc>
<msg timestamp="20220411 16:31:42.274" level="INFO">Opening url 'https://www.kabum.com.br/login'</msg>
<status status="PASS" starttime="20220411 16:31:42.274" endtime="20220411 16:31:44.264"/>
</kw>
<kw name="Input Text" library="SeleniumLibrary">
<arg>id:inputUsuarioLogin</arg>
<arg>${username}</arg>
<doc>Types the given ``text`` into the text field identified by ``locator``.</doc>
<msg timestamp="20220411 16:31:44.266" level="INFO">Typing text 'TesteInválido' into text field 'id:inputUsuarioLogin'.</msg>
<status status="PASS" starttime="20220411 16:31:44.264" endtime="20220411 16:31:45.306"/>
</kw>
<kw name="Input Text" library="SeleniumLibrary">
<arg>id:inputSenhaLogin</arg>
<arg>${pass}</arg>
<doc>Types the given ``text`` into the text field identified by ``locator``.</doc>
<msg timestamp="20220411 16:31:45.307" level="INFO">Typing text '123456ab' into text field 'id:inputSenhaLogin'.</msg>
<status status="PASS" starttime="20220411 16:31:45.306" endtime="20220411 16:31:46.335"/>
</kw>
<kw name="Click Element" library="SeleniumLibrary">
<arg>id:onetrust-accept-btn-handler</arg>
<doc>Click the element identified by ``locator``.</doc>
<msg timestamp="20220411 16:31:46.337" level="INFO">Clicking element 'id:onetrust-accept-btn-handler'.</msg>
<status status="PASS" starttime="20220411 16:31:46.336" endtime="20220411 16:31:47.029"/>
</kw>
<kw name="Click Element" library="SeleniumLibrary">
<arg>id:botaoLogin</arg>
<doc>Click the element identified by ``locator``.</doc>
<msg timestamp="20220411 16:31:47.030" level="INFO">Clicking element 'id:botaoLogin'.</msg>
<status status="PASS" starttime="20220411 16:31:47.029" endtime="20220411 16:31:47.760"/>
</kw>
<status status="PASS" starttime="20220411 16:31:42.270" endtime="20220411 16:31:47.761"/>
</kw>
<kw name="Wait Until Page Contains" library="SeleniumLibrary">
<arg>Estamos com problemas, tente mais tarde</arg>
<doc>Waits until ``text`` appears on the current page.</doc>
<status status="PASS" starttime="20220411 16:31:47.762" endtime="20220411 16:31:48.074"/>
</kw>
<status status="PASS" starttime="20220411 16:31:42.268" endtime="20220411 16:31:48.075"/>
</test>
<test id="s1-t2" name="Search product" line="62">
<kw name="Search">
<arg>Iphone</arg>
<kw name="Set Selenium Speed" library="SeleniumLibrary">
<arg>0.3</arg>
<doc>Sets the delay that is waited after each Selenium command.</doc>
<status status="PASS" starttime="20220411 16:31:48.081" endtime="20220411 16:31:48.081"/>
</kw>
<kw name="Go To" library="SeleniumLibrary">
<arg>https://www.kabum.com.br/</arg>
<doc>Navigates the current browser window to the provided ``url``.</doc>
<msg timestamp="20220411 16:31:48.082" level="INFO">Opening url 'https://www.kabum.com.br/'</msg>
<status status="PASS" starttime="20220411 16:31:48.082" endtime="20220411 16:31:50.193"/>
</kw>
<kw name="Input Text" library="SeleniumLibrary">
<arg>id:input-busca</arg>
<arg>${product}</arg>
<doc>Types the given ``text`` into the text field identified by ``locator``.</doc>
<msg timestamp="20220411 16:31:50.195" level="INFO">Typing text 'Iphone' into text field 'id:input-busca'.</msg>
<status status="PASS" starttime="20220411 16:31:50.193" endtime="20220411 16:31:51.236"/>
</kw>
<kw name="Press Keys" library="SeleniumLibrary">
<arg>class:sc-kBjqcv</arg>
<arg>ENTER</arg>
<doc>Simulates the user pressing key(s) to an element or on the active browser.</doc>
<msg timestamp="20220411 16:31:51.238" level="INFO">Sending key(s) ('ENTER',) to class:sc-kBjqcv element.</msg>
<msg timestamp="20220411 16:31:54.816" level="INFO">Pressing special key ENTER to element.</msg>
<msg timestamp="20220411 16:31:54.816" level="INFO">Releasing special key ENTER.</msg>
<status status="PASS" starttime="20220411 16:31:51.237" endtime="20220411 16:31:55.175"/>
</kw>
<status status="PASS" starttime="20220411 16:31:48.079" endtime="20220411 16:31:55.176"/>
</kw>
<kw name="Wait Until Page Contains" library="SeleniumLibrary">
<arg>IPhone</arg>
<doc>Waits until ``text`` appears on the current page.</doc>
<status status="PASS" starttime="20220411 16:31:55.177" endtime="20220411 16:31:55.502"/>
</kw>
<status status="PASS" starttime="20220411 16:31:48.078" endtime="20220411 16:31:55.503"/>
</test>
<test id="s1-t3" name="Add Product" line="67">
<kw name="Add">
<kw name="Set Selenium Speed" library="SeleniumLibrary">
<arg>1.5</arg>
<doc>Sets the delay that is waited after each Selenium command.</doc>
<status status="PASS" starttime="20220411 16:31:55.508" endtime="20220411 16:31:55.509"/>
</kw>
<kw name="Go To" library="SeleniumLibrary">
<arg>https://www.kabum.com.br/</arg>
<doc>Navigates the current browser window to the provided ``url``.</doc>
<msg timestamp="20220411 16:31:55.510" level="INFO">Opening url 'https://www.kabum.com.br/'</msg>
<status status="PASS" starttime="20220411 16:31:55.509" endtime="20220411 16:31:58.312"/>
</kw>
<kw name="Click Element" library="SeleniumLibrary">
<arg>class:sc-hQRsPl</arg>
<doc>Click the element identified by ``locator``.</doc>
<msg timestamp="20220411 16:31:58.315" level="INFO">Clicking element 'class:sc-hQRsPl'.</msg>
<status status="PASS" starttime="20220411 16:31:58.314" endtime="20220411 16:32:02.733"/>
</kw>
<kw name="Click Element" library="SeleniumLibrary">
<arg>class:sc-fWIMVQ</arg>
<doc>Click the element identified by ``locator``.</doc>
<msg timestamp="20220411 16:32:02.736" level="INFO">Clicking element 'class:sc-fWIMVQ'.</msg>
<status status="PASS" starttime="20220411 16:32:02.734" endtime="20220411 16:32:05.921"/>
</kw>
<kw name="Click Element" library="SeleniumLibrary">
<arg>class:sc-gGnURB</arg>
<doc>Click the element identified by ``locator``.</doc>
<msg timestamp="20220411 16:32:05.922" level="INFO">Clicking element 'class:sc-gGnURB'.</msg>
<status status="PASS" starttime="20220411 16:32:05.922" endtime="20220411 16:32:11.436"/>
</kw>
<status status="PASS" starttime="20220411 16:31:55.507" endtime="20220411 16:32:11.437"/>
</kw>
<kw name="Wait Until Page Contains" library="SeleniumLibrary">
<arg>RESUMO</arg>
<doc>Waits until ``text`` appears on the current page.</doc>
<status status="PASS" starttime="20220411 16:32:11.437" endtime="20220411 16:32:12.958"/>
</kw>
<status status="PASS" starttime="20220411 16:31:55.506" endtime="20220411 16:32:12.959"/>
</test>
<kw name="Close Session" type="TEARDOWN">
<kw name="Close Browser" library="SeleniumLibrary">
<doc>Closes the current browser.</doc>
<status status="PASS" starttime="20220411 16:32:12.963" endtime="20220411 16:32:16.519"/>
</kw>
<status status="PASS" starttime="20220411 16:32:12.962" endtime="20220411 16:32:16.520"/>
</kw>
<status status="PASS" starttime="20220411 16:31:40.619" endtime="20220411 16:32:16.520"/>
</suite>
<statistics>
<total>
<stat pass="3" fail="0" skip="0">All Tests</stat>
</total>
<tag>
</tag>
<suite>
<stat pass="3" fail="0" skip="0" id="s1" name="KabumTeste">KabumTeste</stat>
</suite>
</statistics>
<errors>
</errors>
</robot>
